2025-05-21 12:41:40,560 INFO Using seed 0.
2025-05-21 12:41:40,560 INFO Using double precision.
2025-05-21 12:41:40,563 INFO Generating triples.
2025-05-21 12:41:40,570 INFO Total of 100000 triples
2025-05-21 12:41:44,362 INFO Start training
2025-05-21 12:41:50,313 INFO 	 Epoch 0 | average train loss: 0.896538
2025-05-21 12:41:50,331 INFO Dasgupta's cost:	289434.0522
2025-05-21 12:41:56,101 INFO 	 Epoch 1 | average train loss: 0.843490
2025-05-21 12:41:56,106 INFO Dasgupta's cost:	282279.5933
2025-05-21 12:42:01,849 INFO 	 Epoch 2 | average train loss: 0.825718
2025-05-21 12:42:01,869 INFO Dasgupta's cost:	282182.4492
2025-05-21 12:42:08,045 INFO 	 Epoch 3 | average train loss: 0.821687
2025-05-21 12:42:08,050 INFO Dasgupta's cost:	281633.3310
2025-05-21 12:42:14,023 INFO 	 Epoch 4 | average train loss: 0.819071
2025-05-21 12:42:14,047 INFO Dasgupta's cost:	281368.2281
2025-05-21 12:42:20,078 INFO 	 Epoch 5 | average train loss: 0.817055
2025-05-21 12:42:20,082 INFO Dasgupta's cost:	280973.5416
2025-05-21 12:42:25,953 INFO 	 Epoch 6 | average train loss: 0.815380
2025-05-21 12:42:25,973 INFO Dasgupta's cost:	280893.3209
2025-05-21 12:42:31,859 INFO 	 Epoch 7 | average train loss: 0.814260
2025-05-21 12:42:31,865 INFO Dasgupta's cost:	280906.2075
2025-05-21 12:42:37,822 INFO 	 Epoch 8 | average train loss: 0.813603
2025-05-21 12:42:37,839 INFO Dasgupta's cost:	280913.5817
2025-05-21 12:42:43,623 INFO 	 Epoch 9 | average train loss: 0.813163
2025-05-21 12:42:43,643 INFO Dasgupta's cost:	280940.3675
2025-05-21 12:42:49,650 INFO 	 Epoch 10 | average train loss: 0.812762
2025-05-21 12:42:49,677 INFO Dasgupta's cost:	280978.1364
2025-05-21 12:42:55,683 INFO 	 Epoch 11 | average train loss: 0.812449
2025-05-21 12:42:55,702 INFO Dasgupta's cost:	280706.8418
2025-05-21 12:43:01,409 INFO 	 Epoch 12 | average train loss: 0.812139
2025-05-21 12:43:01,428 INFO Dasgupta's cost:	280792.6516
2025-05-21 12:43:07,446 INFO 	 Epoch 13 | average train loss: 0.811921
2025-05-21 12:43:07,465 INFO Dasgupta's cost:	280789.4414
2025-05-21 12:43:13,414 INFO 	 Epoch 14 | average train loss: 0.811653
2025-05-21 12:43:13,434 INFO Dasgupta's cost:	280815.0509
2025-05-21 12:43:19,707 INFO 	 Epoch 15 | average train loss: 0.811521
2025-05-21 12:43:19,726 INFO Dasgupta's cost:	280705.9626
2025-05-21 12:43:25,608 INFO 	 Epoch 16 | average train loss: 0.811414
2025-05-21 12:43:25,626 INFO Dasgupta's cost:	280630.3208
2025-05-21 12:43:31,536 INFO 	 Epoch 17 | average train loss: 0.811228
2025-05-21 12:43:31,541 INFO Dasgupta's cost:	280672.4992
2025-05-21 12:43:37,634 INFO 	 Epoch 18 | average train loss: 0.811133
2025-05-21 12:43:37,657 INFO Dasgupta's cost:	280612.7967
2025-05-21 12:43:43,504 INFO 	 Epoch 19 | average train loss: 0.811089
2025-05-21 12:43:43,525 INFO Dasgupta's cost:	280576.9986
2025-05-21 12:43:49,606 INFO 	 Epoch 20 | average train loss: 0.810960
2025-05-21 12:43:49,628 INFO Dasgupta's cost:	280601.7308
2025-05-21 12:43:55,589 INFO 	 Epoch 21 | average train loss: 0.810867
2025-05-21 12:43:55,615 INFO Dasgupta's cost:	280609.4058
2025-05-21 12:44:01,864 INFO 	 Epoch 22 | average train loss: 0.810884
2025-05-21 12:44:01,884 INFO Dasgupta's cost:	280621.3139
2025-05-21 12:44:07,858 INFO 	 Epoch 23 | average train loss: 0.810853
2025-05-21 12:44:07,878 INFO Dasgupta's cost:	280563.1015
2025-05-21 12:44:13,958 INFO 	 Epoch 24 | average train loss: 0.810856
2025-05-21 12:44:13,982 INFO Dasgupta's cost:	280576.3514
2025-05-21 12:44:19,929 INFO 	 Epoch 25 | average train loss: 0.810849
2025-05-21 12:44:19,956 INFO Dasgupta's cost:	280618.9705
2025-05-21 12:44:26,387 INFO 	 Epoch 26 | average train loss: 0.810875
2025-05-21 12:44:26,405 INFO Dasgupta's cost:	280482.4870
2025-05-21 12:44:32,377 INFO 	 Epoch 27 | average train loss: 0.810753
2025-05-21 12:44:32,396 INFO Dasgupta's cost:	280605.6873
2025-05-21 12:44:38,424 INFO 	 Epoch 28 | average train loss: 0.810779
2025-05-21 12:44:38,442 INFO Dasgupta's cost:	280545.1355
2025-05-21 12:44:44,748 INFO 	 Epoch 29 | average train loss: 0.810771
2025-05-21 12:44:44,769 INFO Dasgupta's cost:	280602.0258
2025-05-21 12:44:50,622 INFO 	 Epoch 30 | average train loss: 0.810787
2025-05-21 12:44:50,640 INFO Dasgupta's cost:	280658.9593
2025-05-21 12:44:56,647 INFO 	 Epoch 31 | average train loss: 0.810810
2025-05-21 12:44:56,666 INFO Dasgupta's cost:	280565.9046
2025-05-21 12:45:02,577 INFO 	 Epoch 32 | average train loss: 0.810848
2025-05-21 12:45:02,595 INFO Dasgupta's cost:	280645.6896
2025-05-21 12:45:08,627 INFO 	 Epoch 33 | average train loss: 0.810853
2025-05-21 12:45:08,654 INFO Dasgupta's cost:	280579.0540
2025-05-21 12:45:14,446 INFO 	 Epoch 34 | average train loss: 0.810866
2025-05-21 12:45:14,454 INFO Dasgupta's cost:	280609.0950
2025-05-21 12:45:20,222 INFO 	 Epoch 35 | average train loss: 0.810781
2025-05-21 12:45:20,240 INFO Dasgupta's cost:	280686.9441
2025-05-21 12:45:25,965 INFO 	 Epoch 36 | average train loss: 0.810838
2025-05-21 12:45:25,994 INFO Dasgupta's cost:	280577.7060
2025-05-21 12:45:31,848 INFO 	 Epoch 37 | average train loss: 0.810738
2025-05-21 12:45:31,871 INFO Dasgupta's cost:	280564.3839
2025-05-21 12:45:37,851 INFO 	 Epoch 38 | average train loss: 0.810792
2025-05-21 12:45:37,869 INFO Dasgupta's cost:	280601.6374
2025-05-21 12:45:43,775 INFO 	 Epoch 39 | average train loss: 0.810898
2025-05-21 12:45:43,794 INFO Dasgupta's cost:	280730.2072
2025-05-21 12:45:50,081 INFO 	 Epoch 40 | average train loss: 0.810889
2025-05-21 12:45:50,086 INFO Dasgupta's cost:	280592.8090
2025-05-21 12:45:56,063 INFO 	 Epoch 41 | average train loss: 0.810789
2025-05-21 12:45:56,084 INFO Dasgupta's cost:	280505.0666
2025-05-21 12:46:02,071 INFO 	 Epoch 42 | average train loss: 0.810821
2025-05-21 12:46:02,093 INFO Dasgupta's cost:	280505.7762
2025-05-21 12:46:08,179 INFO 	 Epoch 43 | average train loss: 0.810877
2025-05-21 12:46:08,197 INFO Dasgupta's cost:	280595.0492
2025-05-21 12:46:14,104 INFO 	 Epoch 44 | average train loss: 0.810825
2025-05-21 12:46:14,125 INFO Dasgupta's cost:	280926.7885
2025-05-21 12:46:20,055 INFO 	 Epoch 45 | average train loss: 0.810828
2025-05-21 12:46:20,073 INFO Dasgupta's cost:	280673.1395
2025-05-21 12:46:26,231 INFO 	 Epoch 46 | average train loss: 0.810745
2025-05-21 12:46:26,260 INFO Dasgupta's cost:	280757.0069
2025-05-21 12:46:32,320 INFO 	 Epoch 47 | average train loss: 0.810967
2025-05-21 12:46:32,343 INFO Dasgupta's cost:	280656.6634
2025-05-21 12:46:38,267 INFO 	 Epoch 48 | average train loss: 0.810766
2025-05-21 12:46:38,287 INFO Dasgupta's cost:	280671.1382
2025-05-21 12:46:44,360 INFO 	 Epoch 49 | average train loss: 0.810778
2025-05-21 12:46:44,378 INFO Dasgupta's cost:	280600.8278
2025-05-21 12:46:44,378 INFO Annealing temperature to: 0.05
2025-05-21 12:46:44,378 INFO Annealing learning rate to: 0.0005
2025-05-21 12:46:44,378 INFO Optimization finished.
2025-05-21 12:46:44,378 INFO Saving best model at /home/onyxia/work/HypHC/embeddings/zoo/ca286289368cbe66abdfe32406cffed3ff5e6102252c0fc6502519713db04b83/model_0.pkl
2025-05-21 12:46:44,379 INFO Decoding embeddings.
2025-05-21 12:46:44,383 INFO Dasgupta's cost:	280482.4870
