2025-06-23 12:49:56,247 INFO Using seed 1234.
2025-06-23 12:49:56,248 INFO Using double precision.
2025-06-23 12:49:56,343 INFO Found credentials in environment variables.
2025-06-23 12:50:06,021 INFO Generating triples.
2025-06-23 12:50:13,502 INFO Total of 10000 triples
2025-06-23 12:50:21,336 INFO Start training
2025-06-23 12:50:22,642 INFO 	 Epoch 0 | average train loss: 0.012685
2025-06-23 12:50:23,839 INFO 	 Epoch 1 | average train loss: 0.008873
2025-06-23 12:50:25,058 INFO 	 Epoch 2 | average train loss: 0.007762
2025-06-23 12:50:26,252 INFO 	 Epoch 3 | average train loss: 0.005639
2025-06-23 12:50:27,493 INFO 	 Epoch 4 | average train loss: 0.006893
2025-06-23 12:50:28,651 INFO 	 Epoch 5 | average train loss: 0.005090
2025-06-23 12:50:29,808 INFO 	 Epoch 6 | average train loss: 0.005309
2025-06-23 12:50:30,856 INFO 	 Epoch 7 | average train loss: 0.004990
2025-06-23 12:50:31,933 INFO 	 Epoch 8 | average train loss: 0.004901
2025-06-23 12:50:33,043 INFO 	 Epoch 9 | average train loss: 0.005195
2025-06-23 12:50:46,706 INFO Dasgupta's cost:	2327330204.0000
2025-06-23 12:50:47,740 INFO 	 Epoch 10 | average train loss: 0.004867
2025-06-23 12:50:48,827 INFO 	 Epoch 11 | average train loss: 0.005221
2025-06-23 12:50:49,869 INFO 	 Epoch 12 | average train loss: 0.004821
2025-06-23 12:50:51,136 INFO 	 Epoch 13 | average train loss: 0.004834
2025-06-23 12:50:52,103 INFO 	 Epoch 14 | average train loss: 0.004770
2025-06-23 12:50:53,196 INFO 	 Epoch 15 | average train loss: 0.005146
2025-06-23 12:50:54,343 INFO 	 Epoch 16 | average train loss: 0.004772
2025-06-23 12:50:55,515 INFO 	 Epoch 17 | average train loss: 0.004803
2025-06-23 12:50:56,620 INFO 	 Epoch 18 | average train loss: 0.004767
2025-06-23 12:50:57,840 INFO 	 Epoch 19 | average train loss: 0.004751
2025-06-23 12:51:11,722 INFO Dasgupta's cost:	2204844530.0000
2025-06-23 12:51:11,723 INFO Annealing temperature to: 0.01
2025-06-23 12:51:11,723 INFO Annealing learning rate to: 0.001
2025-06-23 12:51:12,709 INFO 	 Epoch 20 | average train loss: 0.004769
2025-06-23 12:51:13,874 INFO 	 Epoch 21 | average train loss: 0.004733
2025-06-23 12:51:15,149 INFO 	 Epoch 22 | average train loss: 0.004724
2025-06-23 12:51:16,628 INFO 	 Epoch 23 | average train loss: 0.004690
2025-06-23 12:51:17,797 INFO 	 Epoch 24 | average train loss: 0.005014
2025-06-23 12:51:19,012 INFO 	 Epoch 25 | average train loss: 0.004696
2025-06-23 12:51:20,059 INFO 	 Epoch 26 | average train loss: 0.004679
2025-06-23 12:51:21,213 INFO 	 Epoch 27 | average train loss: 0.005024
2025-06-23 12:51:22,334 INFO 	 Epoch 28 | average train loss: 0.005374
2025-06-23 12:51:23,485 INFO 	 Epoch 29 | average train loss: 0.005078
2025-06-23 12:51:36,560 INFO Dasgupta's cost:	2342531072.0000
2025-06-23 12:51:37,620 INFO 	 Epoch 30 | average train loss: 0.004756
2025-06-23 12:51:38,747 INFO 	 Epoch 31 | average train loss: 0.004722
2025-06-23 12:51:39,911 INFO 	 Epoch 32 | average train loss: 0.004720
2025-06-23 12:51:40,997 INFO 	 Epoch 33 | average train loss: 0.004720
2025-06-23 12:51:42,009 INFO 	 Epoch 34 | average train loss: 0.004691
2025-06-23 12:51:43,218 INFO 	 Epoch 35 | average train loss: 0.004685
2025-06-23 12:51:44,341 INFO 	 Epoch 36 | average train loss: 0.004666
2025-06-23 12:51:45,398 INFO 	 Epoch 37 | average train loss: 0.005346
2025-06-23 12:51:46,590 INFO 	 Epoch 38 | average train loss: 0.004709
2025-06-23 12:51:47,809 INFO 	 Epoch 39 | average train loss: 0.004677
2025-06-23 12:52:01,443 INFO Dasgupta's cost:	2271672746.0000
2025-06-23 12:52:01,443 INFO Annealing temperature to: 0.01
2025-06-23 12:52:01,443 INFO Annealing learning rate to: 0.001
2025-06-23 12:52:02,637 INFO 	 Epoch 40 | average train loss: 0.004661
2025-06-23 12:52:03,769 INFO 	 Epoch 41 | average train loss: 0.004651
2025-06-23 12:52:04,887 INFO 	 Epoch 42 | average train loss: 0.004994
2025-06-23 12:52:06,056 INFO 	 Epoch 43 | average train loss: 0.004648
2025-06-23 12:52:07,162 INFO 	 Epoch 44 | average train loss: 0.004639
2025-06-23 12:52:08,433 INFO 	 Epoch 45 | average train loss: 0.004617
2025-06-23 12:52:09,598 INFO 	 Epoch 46 | average train loss: 0.004603
2025-06-23 12:52:10,575 INFO 	 Epoch 47 | average train loss: 0.004601
2025-06-23 12:52:11,544 INFO 	 Epoch 48 | average train loss: 0.004585
2025-06-23 12:52:12,510 INFO 	 Epoch 49 | average train loss: 0.004599
2025-06-23 12:52:26,111 INFO Dasgupta's cost:	2336526662.0000
2025-06-23 12:52:26,111 INFO Optimization finished.
2025-06-23 12:52:26,111 INFO Loading best model before evaluation.
2025-06-23 12:52:26,111 INFO Saving model at /home/onyxia/work/HypHC/results/weibo/a046d88153facd1ab8852a51371601b58b7f97d1ce3950590e3fad151e2bf216/model_1234.pkl
2025-06-23 12:52:26,120 INFO Decoding embeddings.
2025-06-23 12:52:38,919 INFO Dasgupta's cost:	2204844530.0000
